2025-08-15 17:32:29,497 - root - INFO - 로그 파일: logs/riss_automation_20250815_173229.log
2025-08-15 17:32:29,903 - storage - INFO - 새 세션 생성: session_20250815_173229
2025-08-15 17:32:29,904 - backend - INFO - 브라우저 초기화 중...
2025-08-15 17:32:30,217 - scraper - INFO - 브라우저 초기화 완료
2025-08-15 17:32:30,218 - backend - INFO - '머신러닝' 검색 중...
2025-08-15 17:32:32,061 - scraper - INFO - 페이지 1에서 10개의 논문 항목 발견
2025-08-15 17:32:32,102 - scraper - INFO - 수집된 논문 (1/3): 사용자 학습데이터를 활용한 머신러닝기반의 온라인 청음 플랫폼 서비스...
2025-08-15 17:32:32,131 - scraper - INFO - 수집된 논문 (2/3): 머신러닝에서 저작권 침해 검토...
2025-08-15 17:32:32,165 - scraper - INFO - 수집된 논문 (3/3): 마케팅 분야의 머신러닝 연구 동향 분석...
2025-08-15 17:32:32,165 - backend - INFO - 상세 정보 수집 중... (1/3)
2025-08-15 17:32:32,883 - scraper - ERROR - 상세 정보 가져오기 중 오류: Page.query_selector: Execution context was destroyed, most likely because of a navigation
2025-08-15 17:32:32,883 - backend - INFO - 상세 정보 수집 중... (2/3)
2025-08-15 17:32:34,715 - backend - INFO - 상세 정보 수집 중... (3/3)
2025-08-15 17:32:35,587 - scraper - ERROR - 상세 정보 가져오기 중 오류: Page.query_selector: Execution context was destroyed, most likely because of a navigation
2025-08-15 17:32:35,622 - scraper - INFO - 브라우저 종료
2025-08-15 17:32:35,622 - backend - INFO - 데이터 정제 중...
2025-08-15 17:32:35,622 - extractor - WARNING - 초록과 원문 링크가 모두 없음
2025-08-15 17:32:35,622 - extractor - WARNING - 초록과 원문 링크가 모두 없음
2025-08-15 17:32:35,622 - backend - INFO - 데이터 저장 중...
2025-08-15 17:32:35,623 - storage - INFO - 데이터 저장 완료: results/session_20250815_173229/papers_20250815_173235.json (1개 논문)
2025-08-15 17:32:35,623 - backend - INFO - Excel 파일 생성 중...
2025-08-15 17:32:35,644 - exporter - INFO - Excel 파일 생성 완료: results/papers_20250815_173235.xlsx
2025-08-15 17:32:35,644 - backend - INFO - 수집 완료! 총 1개 논문
