2025-08-15 17:34:19,366 - root - INFO - 로그 파일: logs/riss_automation_20250815_173419.log
2025-08-15 17:34:19,909 - storage - INFO - 새 세션 생성: session_20250815_173419
2025-08-15 17:34:19,909 - backend - INFO - 브라우저 초기화 중...
2025-08-15 17:34:20,237 - scraper - INFO - 브라우저 초기화 완료
2025-08-15 17:34:20,237 - backend - INFO - '인공지능' 검색 중...
2025-08-15 17:34:22,875 - scraper - INFO - 페이지 1에서 10개의 논문 항목 발견
2025-08-15 17:34:22,913 - scraper - INFO - 수집된 논문 (1/2): AI 융합교육이 학습자의 인공지능 가치 인식에 미치는 영향 – 방송미디어 분야 특성화고 학...
2025-08-15 17:34:22,943 - scraper - INFO - 수집된 논문 (2/2): 초거대 생성형 인공지능의 윤리적 문제...
2025-08-15 17:34:22,943 - backend - INFO - 상세 정보 수집 중... (1/2)
2025-08-15 17:34:23,784 - scraper - ERROR - 상세 정보 가져오기 중 오류: Page.query_selector: Execution context was destroyed, most likely because of a navigation
2025-08-15 17:34:23,784 - backend - INFO - 상세 정보 수집 중... (2/2)
2025-08-15 17:34:24,635 - scraper - ERROR - 상세 정보 가져오기 중 오류: Page.query_selector: Execution context was destroyed, most likely because of a navigation
2025-08-15 17:34:24,659 - scraper - INFO - 브라우저 종료
2025-08-15 17:34:24,660 - backend - INFO - 데이터 정제 중...
2025-08-15 17:34:24,660 - extractor - WARNING - 초록과 원문 링크가 모두 없음
2025-08-15 17:34:24,660 - extractor - WARNING - 초록과 원문 링크가 모두 없음
2025-08-15 17:34:24,660 - backend - INFO - 데이터 저장 중...
2025-08-15 17:34:24,660 - storage - INFO - 데이터 저장 완료: results/session_20250815_173419/papers_20250815_173424.json (0개 논문)
2025-08-15 17:34:24,660 - backend - INFO - Excel 파일 생성 중...
2025-08-15 17:34:24,660 - exporter - WARNING - 출력할 논문이 없습니다
2025-08-15 17:34:24,660 - backend - INFO - 수집 완료! 총 0개 논문
