2025-08-15 17:35:58,461 - root - INFO - 로그 파일: logs/riss_automation_20250815_173558.log
2025-08-15 17:35:58,836 - storage - INFO - 새 세션 생성: session_20250815_173558
2025-08-15 17:35:58,836 - backend - INFO - 브라우저 초기화 중...
2025-08-15 17:35:59,124 - scraper - INFO - 브라우저 초기화 완료
2025-08-15 17:35:59,124 - backend - INFO - '딥러닝' 검색 중...
2025-08-15 17:36:00,985 - scraper - INFO - 페이지 1에서 10개의 논문 항목 발견
2025-08-15 17:36:01,026 - scraper - INFO - 수집된 논문 (1/2): 딥러닝 관련 발명의 특허법상 보호 방안에 대한 연구...
2025-08-15 17:36:01,058 - scraper - INFO - 수집된 논문 (2/2): 딥러닝 기술이 가지는 보안 문제점에 대한 분석...
2025-08-15 17:36:01,058 - backend - INFO - 상세 정보 수집 중... (1/2)
2025-08-15 17:36:01,879 - scraper - ERROR - 상세 정보 가져오기 중 오류: Page.query_selector: Execution context was destroyed, most likely because of a navigation
2025-08-15 17:36:01,879 - backend - INFO - 상세 정보 수집 중... (2/2)
2025-08-15 17:36:02,717 - scraper - ERROR - 상세 정보 가져오기 중 오류: Page.query_selector: Execution context was destroyed, most likely because of a navigation
2025-08-15 17:36:02,741 - scraper - INFO - 브라우저 종료
2025-08-15 17:36:02,741 - backend - INFO - 데이터 정제 중...
2025-08-15 17:36:02,741 - extractor - WARNING - 초록과 원문 링크가 모두 없음
2025-08-15 17:36:02,741 - extractor - WARNING - 초록과 원문 링크가 모두 없음
2025-08-15 17:36:02,741 - backend - INFO - 데이터 저장 중...
2025-08-15 17:36:02,741 - storage - INFO - 데이터 저장 완료: results/session_20250815_173558/papers_20250815_173602.json (0개 논문)
2025-08-15 17:36:02,741 - backend - INFO - Excel 파일 생성 중...
2025-08-15 17:36:02,742 - exporter - WARNING - 출력할 논문이 없습니다
2025-08-15 17:36:02,742 - backend - INFO - 수집 완료! 총 0개 논문
