2025-08-15 17:37:39,490 - root - INFO - 로그 파일: logs/riss_automation_20250815_173739.log
2025-08-15 17:37:40,026 - storage - INFO - 새 세션 생성: session_20250815_173740
2025-08-15 17:37:40,026 - backend - INFO - 브라우저 초기화 중...
2025-08-15 17:37:40,336 - scraper - INFO - 브라우저 초기화 완료
2025-08-15 17:37:40,336 - backend - INFO - '블록체인' 검색 중...
2025-08-15 17:37:42,097 - scraper - INFO - 페이지 1에서 10개의 논문 항목 발견
2025-08-15 17:37:42,133 - scraper - INFO - 수집된 논문 (1/3): 미디어 혁신을 위한 블록체인...
2025-08-15 17:37:42,163 - scraper - INFO - 수집된 논문 (2/3): [ZOOM UP_한국남부발전] 블록체인 기반 REC 거래서비스 구축...
2025-08-15 17:37:42,196 - scraper - INFO - 수집된 논문 (3/3): 블록체인 비교연구...
2025-08-15 17:37:42,196 - backend - INFO - 상세 정보 수집 중... (1/3)
2025-08-15 17:37:43,000 - scraper - ERROR - 상세 정보 가져오기 중 오류: Page.query_selector: Execution context was destroyed, most likely because of a navigation
2025-08-15 17:37:43,000 - backend - INFO - 상세 정보 수집 중... (2/3)
2025-08-15 17:37:43,805 - scraper - ERROR - 상세 정보 가져오기 중 오류: Page.query_selector: Execution context was destroyed, most likely because of a navigation
2025-08-15 17:37:43,805 - backend - INFO - 상세 정보 수집 중... (3/3)
2025-08-15 17:37:44,628 - scraper - ERROR - 상세 정보 가져오기 중 오류: Page.query_selector: Execution context was destroyed, most likely because of a navigation
2025-08-15 17:37:44,648 - scraper - INFO - 브라우저 종료
2025-08-15 17:37:44,648 - backend - INFO - 데이터 정제 중...
2025-08-15 17:37:44,648 - backend - INFO - 데이터 저장 중...
2025-08-15 17:37:44,649 - storage - INFO - 데이터 저장 완료: results/session_20250815_173740/papers_20250815_173744.json (3개 논문)
2025-08-15 17:37:44,649 - backend - INFO - Excel 파일 생성 중...
2025-08-15 17:37:44,662 - exporter - INFO - Excel 파일 생성 완료: results/papers_20250815_173744.xlsx
2025-08-15 17:37:44,663 - backend - INFO - 수집 완료! 총 3개 논문
